  Person.cpp
D:\Documents\Github\University\OOP 2024-2025\homework for 7.04.2025\Test project\Test project\Person.hpp(10,1): error C2143: syntax error: missing ';' before 'private'
  (compiling source file 'Person.cpp')
  
  main.cpp
D:\Documents\Github\University\OOP 2024-2025\homework for 7.04.2025\Test project\Test project\main.cpp(3,10): warning C4067: unexpected tokens following preprocessor directive - expected a newline
D:\Documents\Github\University\OOP 2024-2025\homework for 7.04.2025\Test project\Test project\Person.hpp(10,1): error C2143: syntax error: missing ';' before 'private'
  (compiling source file 'main.cpp')
  
D:\Documents\Github\University\OOP 2024-2025\homework for 7.04.2025\Test project\Test project\main.cpp(15,24): error C2059: syntax error: ')'
  Generating Code...
